<?xml version="1.0" encoding="UTF-8"?>
<!-- Generated by org.testng.reporters.JUnitReportReporter -->
<testsuite hostname="SarangNotebook" failures="0" tests="3" name="testcases.testCase_1" time="11.576" errors="0" timestamp="10 Oct 2022 14:17:39 GMT" skipped="0">
  <testcase classname="testcases.testCase_1" name="rightClickConsecept" time="5.448"/>
  <testcase classname="testcases.testCase_1" name="rightClickConsecept1" time="3.781"/>
  <testcase classname="testcases.testCase_1" name="rightClickConsecept2" time="2.347"/>
</testsuite> <!-- testcases.testCase_1 -->
