<?xml version="1.0" encoding="UTF-8"?>
<!-- Generated by org.testng.reporters.JUnitReportReporter -->
<testsuite skipped="0" hostname="SarangNotebook" name="testcases.testCase_1" tests="3" failures="0" timestamp="13 Oct 2022 04:24:04 GMT" time="11.784" errors="0">
  <testcase name="rightClickConsecept" time="5.072" classname="testcases.testCase_1"/>
  <testcase name="rightClickConsecept1" time="3.005" classname="testcases.testCase_1"/>
  <testcase name="rightClickConsecept2" time="3.707" classname="testcases.testCase_1"/>
</testsuite> <!-- testcases.testCase_1 -->
