<?xml version="1.0" encoding="UTF-8"?>
<!-- Generated by org.testng.reporters.JUnitReportReporter -->
<testsuite skipped="0" hostname="Sarang-Notebook" name="testcases.testCase_1" tests="1" failures="0" timestamp="19 May 2019 04:29:28 GMT" time="7.892" errors="0">
  <testcase name="rightClickConsecept" time="7.892" classname="testcases.testCase_1"/>
</testsuite> <!-- testcases.testCase_1 -->
