<?xml version="1.0" encoding="UTF-8"?>
<!-- Generated by org.testng.reporters.JUnitReportReporter -->
<testsuite skipped="0" hostname="Sarang-Notebook" name="testcases.testCase_1" tests="3" failures="0" timestamp="10 May 2020 14:58:44 GMT" time="27.459" errors="0">
  <testcase name="rightClickConsecept" time="11.202" classname="testcases.testCase_1"/>
  <testcase name="rightClickConsecept1" time="8.313" classname="testcases.testCase_1"/>
  <testcase name="rightClickConsecept2" time="7.944" classname="testcases.testCase_1"/>
</testsuite> <!-- testcases.testCase_1 -->
