<?xml version="1.0" encoding="UTF-8"?>
<!-- Generated by org.testng.reporters.JUnitReportReporter -->
<testsuite skipped="0" hostname="Sarang-Notebook" name="testcases.testCase_1" tests="1" failures="0" timestamp="25 Apr 2019 10:01:25 GMT" time="37.485" errors="0">
  <testcase name="rightClickConsecept" time="37.485" classname="testcases.testCase_1"/>
</testsuite> <!-- testcases.testCase_1 -->
